[debug] [2022-12-14T14:19:04.842Z] ----------------------------------------------------------------------
[debug] [2022-12-14T14:19:04.843Z] Command:       /usr/local/bin/node /usr/local/bin/firebase init
[debug] [2022-12-14T14:19:04.844Z] CLI Version:   9.16.0
[debug] [2022-12-14T14:19:04.844Z] Platform:      darwin
[debug] [2022-12-14T14:19:04.844Z] Node Version:  v14.17.4
[debug] [2022-12-14T14:19:04.845Z] Time:          Wed Dec 14 2022 09:19:04 GMT-0500 (Eastern Standard Time)
[debug] [2022-12-14T14:19:04.845Z] ----------------------------------------------------------------------
[debug] 
[debug] [2022-12-14T14:19:04.848Z] > command requires scopes: ["email","openid","https://www.googleapis.com/auth/cloudplatformprojects.readonly","https://www.googleapis.com/auth/firebase","https://www.googleapis.com/auth/cloud-platform"]
[debug] [2022-12-14T14:19:04.848Z] > authorizing via signed-in user (ankycheng@gmail.com)
[info] 
     ######## #### ########  ######## ########     ###     ######  ########
     ##        ##  ##     ## ##       ##     ##  ##   ##  ##       ##
     ######    ##  ########  ######   ########  #########  ######  ######
     ##        ##  ##    ##  ##       ##     ## ##     ##       ## ##
     ##       #### ##     ## ######## ########  ##     ##  ######  ########

You're about to initialize a Firebase project in this directory:

  /Users/ankycheng/Downloads/38-importing-and-optimizing-the-scene-final

[info] 
=== Project Setup
[info] 
[info] First, let's associate this project directory with a Firebase project.
[info] You can create multiple project aliases by running firebase use --add, 
[info] but for now we'll just set up a default project.
[info] 
[debug] [2022-12-14T14:19:08.492Z] > refreshing access token with scopes: []
[debug] [2022-12-14T14:19:08.492Z] >>> HTTP REQUEST POST https://www.googleapis.com/oauth2/v3/token  
 <request body omitted>
[debug] [2022-12-14T14:19:08.828Z] <<< HTTP RESPONSE 400 {"date":"Wed, 14 Dec 2022 14:19:08 GMT","cache-control":"no-cache, no-store, max-age=0, must-revalidate","expires":"Mon, 01 Jan 1990 00:00:00 GMT","pragma":"no-cache","content-type":"application/json; charset=utf-8","vary":"X-Origin, Referer, Origin,Accept-Encoding","server":"scaffolding on HTTPServer2","x-xss-protection":"0","x-frame-options":"SAMEORIGIN","x-content-type-options":"nosniff","alt-svc":"h3=\":443\"; ma=2592000,h3-29=\":443\"; ma=2592000,h3-Q050=\":443\"; ma=2592000,h3-Q046=\":443\"; ma=2592000,h3-Q043=\":443\"; ma=2592000,quic=\":443\"; ma=2592000; v=\"46,43\"","accept-ranges":"none","transfer-encoding":"chunked"}
[debug] [2022-12-14T14:19:08.830Z] >>> [apiv2][query] GET https://firebase.googleapis.com/v1beta1/projects pageSize=100
[debug] [2022-12-14T14:19:09.125Z] <<< [apiv2][status] GET https://firebase.googleapis.com/v1beta1/projects 401
[debug] [2022-12-14T14:19:09.125Z] <<< [apiv2][body] GET https://firebase.googleapis.com/v1beta1/projects [omitted]
[debug] [2022-12-14T14:19:09.125Z] HTTP Error: 401, Request had invalid authentication credentials. Expected OAuth 2 access token, login cookie or other valid authentication credential. See https://developers.google.com/identity/sign-in/web/devconsole-project.
[debug] [2022-12-14T14:19:09.386Z] FirebaseError: HTTP Error: 401, Request had invalid authentication credentials. Expected OAuth 2 access token, login cookie or other valid authentication credential. See https://developers.google.com/identity/sign-in/web/devconsole-project.
    at module.exports (/usr/local/lib/node_modules/firebase-tools/lib/responseToError.js:38:12)
    at Client.doRequest (/usr/local/lib/node_modules/firebase-tools/lib/apiv2.js:238:23)
    at processTicksAndRejections (internal/process/task_queues.js:95:5)
    at async Client.request (/usr/local/lib/node_modules/firebase-tools/lib/apiv2.js:96:20)
    at async getProjectPage (/usr/local/lib/node_modules/firebase-tools/lib/management/projects.js:233:17)
    at async getFirebaseProjectPage (/usr/local/lib/node_modules/firebase-tools/lib/management/projects.js:250:23)
    at async selectProjectInteractively (/usr/local/lib/node_modules/firebase-tools/lib/management/projects.js:95:41)
    at async Object.doSetup [as project] (/usr/local/lib/node_modules/firebase-tools/lib/init/features/project.js:87:27)
    at async init (/usr/local/lib/node_modules/firebase-tools/lib/init/index.js:19:9)
[error] 
[error] Error: Failed to list Firebase projects. See firebase-debug.log for more info.
